<?xml version="1.0" encoding="UTF-8"?>
<!-- Generated by org.testng.reporters.JUnitXMLReporter -->
<testsuite ignored="0" hostname="shanth-Lenovo-ideapad-330-15IKB" failures="0" tests="3" name="Test" time="23.399" errors="0" timestamp="2022-11-28T11:32:10 IST">
  <testcase classname="testng.Testcase1" name="loginpage" time="1.595"/>
  <testcase classname="testng.TestCase2" name="login" time="1.486"/>
  <testcase classname="testng.TestCase3" name="createpage" time="2.261"/>
</testsuite> <!-- Test -->
