<?xml version="1.0" encoding="UTF-8"?>
<testng-results ignored="0" total="1" passed="1" failed="0" skipped="0">
  <reporter-output>
    <line>
      <![CDATA[Facebook – log in or sign up]]>
    </line>
    <line>
      <![CDATA[https://www.facebook.com/login/?privacy_mutation_token=eyJ0eXBlIjowLCJjcmVhdGlvbl90aW1lIjoxNjY5NjE3NzgxLCJjYWxsc2l0ZV9pZCI6MzgxMjI5MDc5NTc1OTQ2fQ%3D%3D]]>
    </line>
  </reporter-output>
  <suite started-at="2022-11-28T12:12:58 IST" name="Default suite" finished-at="2022-11-28T12:13:07 IST" duration-ms="9315">
    <groups>
    </groups>
    <test started-at="2022-11-28T12:12:58 IST" name="Default test" finished-at="2022-11-28T12:13:07 IST" duration-ms="9315">
      <class name="testng.TestCase4assert">
        <test-method is-config="true" signature="openapp()[pri:0, instance:testng.TestCase4assert@7690781]" started-at="2022-11-28T12:12:58 IST" name="openapp" finished-at="2022-11-28T12:13:05 IST" duration-ms="7452" status="PASS">
          <reporter-output>
          </reporter-output>
        </test-method> <!-- openapp -->
        <test-method signature="loginpage()[pri:0, instance:testng.TestCase4assert@7690781]" started-at="2022-11-28T12:13:05 IST" name="loginpage" finished-at="2022-11-28T12:13:07 IST" duration-ms="1610" status="PASS">
          <reporter-output>
            <line>
              <![CDATA[Facebook – log in or sign up]]>
            </line>
            <line>
              <![CDATA[https://www.facebook.com/login/?privacy_mutation_token=eyJ0eXBlIjowLCJjcmVhdGlvbl90aW1lIjoxNjY5NjE3NzgxLCJjYWxsc2l0ZV9pZCI6MzgxMjI5MDc5NTc1OTQ2fQ%3D%3D]]>
            </line>
          </reporter-output>
        </test-method> <!-- loginpage -->
        <test-method is-config="true" signature="closeapp()[pri:0, instance:testng.TestCase4assert@7690781]" started-at="2022-11-28T12:13:07 IST" name="closeapp" finished-at="2022-11-28T12:13:07 IST" duration-ms="215" status="PASS">
          <reporter-output>
          </reporter-output>
        </test-method> <!-- closeapp -->
      </class> <!-- testng.TestCase4assert -->
    </test> <!-- Default test -->
  </suite> <!-- Default suite -->
</testng-results>
