<?xml version="1.0" encoding="UTF-8"?>
<!-- Generated by org.testng.reporters.JUnitReportReporter -->
<testsuite hostname="shanth-Lenovo-ideapad-330-15IKB" failures="0" tests="1" name="testng.Softassertion" time="22.328" errors="0" timestamp="2022-10-25T13:54:51 IST" skipped="0">
  <testcase classname="testng.Softassertion" name="loginpage" time="22.328"/>
  <system-out>
    <![CDATA[Facebook – log in or sign up
https://www.facebook.com/checkpoint/?next]]>
  </system-out>
</testsuite> <!-- testng.Softassertion -->
